Performing C++ SOURCE FILE Test CMAKE_HAVE_LIBC_PTHREAD failed with the following output:
Change Dir: /home/lumina/dev/drone/src/proc/build/CMakeFiles/CMakeTmp

Run Build Command(s):/usr/bin/make -f Makefile cmTC_fa1ac/fast && /usr/bin/make  -f CMakeFiles/cmTC_fa1ac.dir/build.make CMakeFiles/cmTC_fa1ac.dir/build
make[1]: Entering directory '/home/lumina/dev/drone/src/proc/build/CMakeFiles/CMakeTmp'
Building CXX object CMakeFiles/cmTC_fa1ac.dir/src.cxx.o
/usr/bin/c++ -DCMAKE_HAVE_LIBC_PTHREAD   -o CMakeFiles/cmTC_fa1ac.dir/src.cxx.o -c /home/lumina/dev/drone/src/proc/build/CMakeFiles/CMakeTmp/src.cxx
Linking CXX executable cmTC_fa1ac
/opt/cmake-3.21.1-linux-aarch64/bin/cmake -E cmake_link_script CMakeFiles/cmTC_fa1ac.dir/link.txt --verbose=1
/usr/bin/c++ -rdynamic CMakeFiles/cmTC_fa1ac.dir/src.cxx.o -o cmTC_fa1ac 
CMakeFiles/cmTC_fa1ac.dir/src.cxx.o: In function `main':
src.cxx:(.text+0x48): undefined reference to `pthread_create'
src.cxx:(.text+0x50): undefined reference to `pthread_detach'
src.cxx:(.text+0x58): undefined reference to `pthread_cancel'
src.cxx:(.text+0x64): undefined reference to `pthread_join'
src.cxx:(.text+0x74): undefined reference to `pthread_atfork'
collect2: error: ld returned 1 exit status
CMakeFiles/cmTC_fa1ac.dir/build.make:98: recipe for target 'cmTC_fa1ac' failed
make[1]: *** [cmTC_fa1ac] Error 1
make[1]: Leaving directory '/home/lumina/dev/drone/src/proc/build/CMakeFiles/CMakeTmp'
Makefile:127: recipe for target 'cmTC_fa1ac/fast' failed
make: *** [cmTC_fa1ac/fast] Error 2


Source file was:
#include <pthread.h>

static void* test_func(void* data)
{
  return data;
}

int main(void)
{
  pthread_t thread;
  pthread_create(&thread, NULL, test_func, NULL);
  pthread_detach(thread);
  pthread_cancel(thread);
  pthread_join(thread, NULL);
  pthread_atfork(NULL, NULL, NULL);
  pthread_exit(NULL);

  return 0;
}

Determining if the function pthread_create exists in the pthreads failed with the following output:
Change Dir: /home/lumina/dev/drone/src/proc/build/CMakeFiles/CMakeTmp

Run Build Command(s):/usr/bin/make -f Makefile cmTC_fc9f2/fast && /usr/bin/make  -f CMakeFiles/cmTC_fc9f2.dir/build.make CMakeFiles/cmTC_fc9f2.dir/build
make[1]: Entering directory '/home/lumina/dev/drone/src/proc/build/CMakeFiles/CMakeTmp'
Building CXX object CMakeFiles/cmTC_fc9f2.dir/CheckFunctionExists.cxx.o
/usr/bin/c++   -DCHECK_FUNCTION_EXISTS=pthread_create -o CMakeFiles/cmTC_fc9f2.dir/CheckFunctionExists.cxx.o -c /home/lumina/dev/drone/src/proc/build/CMakeFiles/CheckLibraryExists/CheckFunctionExists.cxx
Linking CXX executable cmTC_fc9f2
/opt/cmake-3.21.1-linux-aarch64/bin/cmake -E cmake_link_script CMakeFiles/cmTC_fc9f2.dir/link.txt --verbose=1
/usr/bin/c++  -DCHECK_FUNCTION_EXISTS=pthread_create -rdynamic CMakeFiles/cmTC_fc9f2.dir/CheckFunctionExists.cxx.o -o cmTC_fc9f2  -lpthreads 
/usr/bin/ld: cannot find -lpthreads
collect2: error: ld returned 1 exit status
CMakeFiles/cmTC_fc9f2.dir/build.make:98: recipe for target 'cmTC_fc9f2' failed
make[1]: *** [cmTC_fc9f2] Error 1
make[1]: Leaving directory '/home/lumina/dev/drone/src/proc/build/CMakeFiles/CMakeTmp'
Makefile:127: recipe for target 'cmTC_fc9f2/fast' failed
make: *** [cmTC_fc9f2/fast] Error 2



