Performing C SOURCE FILE Test CMAKE_HAVE_LIBC_PTHREAD failed with the following output:
Change Dir: /home/lumina/dev/drone/build/CMakeFiles/CMakeTmp

Run Build Command(s):/usr/bin/make -f Makefile cmTC_332ec/fast && make[1]: Entering directory '/home/lumina/dev/drone/build/CMakeFiles/CMakeTmp'
/usr/bin/make  -f CMakeFiles/cmTC_332ec.dir/build.make CMakeFiles/cmTC_332ec.dir/build
make[2]: Entering directory '/home/lumina/dev/drone/build/CMakeFiles/CMakeTmp'
Building C object CMakeFiles/cmTC_332ec.dir/src.c.o
/usr/bin/cc -DCMAKE_HAVE_LIBC_PTHREAD  -fPIC  -o CMakeFiles/cmTC_332ec.dir/src.c.o -c /home/lumina/dev/drone/build/CMakeFiles/CMakeTmp/src.c
Linking C executable cmTC_332ec
/opt/cmake-3.21.1-linux-aarch64/bin/cmake -E cmake_link_script CMakeFiles/cmTC_332ec.dir/link.txt --verbose=1
/usr/bin/cc -fPIC  -rdynamic CMakeFiles/cmTC_332ec.dir/src.c.o -o cmTC_332ec 
CMakeFiles/cmTC_332ec.dir/src.c.o: In function `main':
src.c:(.text+0x48): undefined reference to `pthread_create'
src.c:(.text+0x50): undefined reference to `pthread_detach'
src.c:(.text+0x58): undefined reference to `pthread_cancel'
src.c:(.text+0x64): undefined reference to `pthread_join'
src.c:(.text+0x74): undefined reference to `pthread_atfork'
collect2: error: ld returned 1 exit status
CMakeFiles/cmTC_332ec.dir/build.make:98: recipe for target 'cmTC_332ec' failed
make[2]: *** [cmTC_332ec] Error 1
make[2]: Leaving directory '/home/lumina/dev/drone/build/CMakeFiles/CMakeTmp'
Makefile:127: recipe for target 'cmTC_332ec/fast' failed
make[1]: *** [cmTC_332ec/fast] Error 2
make[1]: Leaving directory '/home/lumina/dev/drone/build/CMakeFiles/CMakeTmp'


Source file was:
#include <pthread.h>

static void* test_func(void* data)
{
  return data;
}

int main(void)
{
  pthread_t thread;
  pthread_create(&thread, NULL, test_func, NULL);
  pthread_detach(thread);
  pthread_cancel(thread);
  pthread_join(thread, NULL);
  pthread_atfork(NULL, NULL, NULL);
  pthread_exit(NULL);

  return 0;
}

Determining if the function pthread_create exists in the pthreads failed with the following output:
Change Dir: /home/lumina/dev/drone/build/CMakeFiles/CMakeTmp

Run Build Command(s):/usr/bin/make -f Makefile cmTC_4daf7/fast && make[1]: Entering directory '/home/lumina/dev/drone/build/CMakeFiles/CMakeTmp'
/usr/bin/make  -f CMakeFiles/cmTC_4daf7.dir/build.make CMakeFiles/cmTC_4daf7.dir/build
make[2]: Entering directory '/home/lumina/dev/drone/build/CMakeFiles/CMakeTmp'
Building C object CMakeFiles/cmTC_4daf7.dir/CheckFunctionExists.c.o
/usr/bin/cc   -fPIC -DCHECK_FUNCTION_EXISTS=pthread_create -o CMakeFiles/cmTC_4daf7.dir/CheckFunctionExists.c.o -c /opt/cmake-3.21.1-linux-aarch64/share/cmake-3.21/Modules/CheckFunctionExists.c
Linking C executable cmTC_4daf7
/opt/cmake-3.21.1-linux-aarch64/bin/cmake -E cmake_link_script CMakeFiles/cmTC_4daf7.dir/link.txt --verbose=1
/usr/bin/cc -fPIC -DCHECK_FUNCTION_EXISTS=pthread_create -rdynamic CMakeFiles/cmTC_4daf7.dir/CheckFunctionExists.c.o -o cmTC_4daf7  -lpthreads 
/usr/bin/ld: cannot find -lpthreads
collect2: error: ld returned 1 exit status
CMakeFiles/cmTC_4daf7.dir/build.make:98: recipe for target 'cmTC_4daf7' failed
make[2]: *** [cmTC_4daf7] Error 1
make[2]: Leaving directory '/home/lumina/dev/drone/build/CMakeFiles/CMakeTmp'
Makefile:127: recipe for target 'cmTC_4daf7/fast' failed
make[1]: *** [cmTC_4daf7/fast] Error 2
make[1]: Leaving directory '/home/lumina/dev/drone/build/CMakeFiles/CMakeTmp'



